<?xml version="1.0" encoding="UTF-8"?>
<testsuite xmlns:xsi="http://www.w3.org/2001/XMLSchema-instance" xsi:noNamespaceSchemaLocation="https://maven.apache.org/surefire/maven-surefire-plugin/xsd/surefire-test-report-3.0.xsd" version="3.0" name="TournamentTest.TournamentServiceTest" time="0.379" tests="3" errors="0" skipped="0" failures="0">
  <properties>
[...]
</properties>
  <testcase name="testGetTournamentById" classname="TournamentTest.TournamentServiceTest" time="0.369"/>
  <testcase name="testAddTournament" classname="TournamentTest.TournamentServiceTest" time="0.003"/>
  <testcase name="TestDeleteTournament" classname="TournamentTest.TournamentServiceTest" time="0.002"/>
</testsuite>